[2026-02-22 23:41:33] [main] INFO  com.blazedemo.tests.BaseClass - Browser is launching
[2026-02-22 23:41:35] [main] INFO  com.blazedemo.tests.BaseClass - TestCase 1 started
[2026-02-22 23:41:36] [main] INFO  com.blazedemo.tests.BaseClass - TC01 Pass: home page is loaded and drop-down is visible.
[2026-02-22 23:41:36] [main] INFO  com.blazedemo.tests.BaseClass - Browser is closing
[2026-02-22 23:41:37] [main] INFO  com.blazedemo.tests.BaseClass - Browser is launching
[2026-02-22 23:41:39] [main] INFO  com.blazedemo.tests.BaseClass - TestCase 2 started
[2026-02-22 23:41:41] [main] INFO  com.blazedemo.tests.BaseClass - TC02 Pass:: ReservePage is visible
[2026-02-22 23:41:41] [main] INFO  com.blazedemo.tests.BaseClass - Browser is closing
[2026-02-22 23:41:42] [main] INFO  com.blazedemo.tests.BaseClass - Browser is launching
[2026-02-22 23:41:45] [main] INFO  com.blazedemo.tests.BaseClass - TestCase 3 started
[2026-02-22 23:41:49] [main] INFO  com.blazedemo.tests.BaseClass - TC03 Pass: Booking is confirmed for Pooja
[2026-02-22 23:41:49] [main] INFO  com.blazedemo.tests.BaseClass - Browser is closing
[2026-02-22 23:41:51] [main] INFO  com.blazedemo.tests.BaseClass - Browser is launching
[2026-02-22 23:41:52] [main] INFO  com.blazedemo.tests.BaseClass - TestCase 4 started
[2026-02-22 23:41:57] [main] INFO  com.blazedemo.tests.BaseClass - TC04 Pass: Booking is confirmed for PoojaT
[2026-02-22 23:41:57] [main] INFO  com.blazedemo.tests.BaseClass - Browser is closing
[2026-02-22 23:41:58] [main] INFO  com.blazedemo.tests.BaseClass - Browser is launching
[2026-02-22 23:42:00] [main] INFO  com.blazedemo.tests.BaseClass - TestCase 4 started
[2026-02-22 23:42:04] [main] INFO  com.blazedemo.tests.BaseClass - TC04 Pass: Booking is confirmed for Neeraj
[2026-02-22 23:42:04] [main] INFO  com.blazedemo.tests.BaseClass - Browser is closing
[2026-02-22 23:42:06] [main] INFO  com.blazedemo.tests.BaseClass - Browser is launching
[2026-02-22 23:42:07] [main] INFO  com.blazedemo.tests.BaseClass - TestCase 4 started
[2026-02-22 23:42:11] [main] INFO  com.blazedemo.tests.BaseClass - TC04 Pass: Booking is confirmed for Supriya
[2026-02-22 23:42:11] [main] INFO  com.blazedemo.tests.BaseClass - Browser is closing
[2026-02-22 23:42:13] [main] INFO  com.blazedemo.tests.BaseClass - Browser is launching
[2026-02-22 23:42:16] [main] INFO  com.blazedemo.tests.BaseClass - TestCase 5 started
[2026-02-22 23:42:21] [main] INFO  com.blazedemo.tests.BaseClass - Browser is closing
[2026-02-22 23:42:22] [main] INFO  com.blazedemo.tests.BaseClass - Browser is launching
[2026-02-22 23:42:23] [main] INFO  com.blazedemo.tests.BaseClass - TestCase 6 started
[2026-02-22 23:42:27] [main] INFO  com.blazedemo.tests.BaseClass - Browser is closing
[2026-02-22 23:42:29] [main] INFO  com.blazedemo.tests.BaseClass - Browser is launching
[2026-02-22 23:42:30] [main] INFO  com.blazedemo.tests.BaseClass - TestCase 7 started
[2026-02-22 23:42:50] [main] INFO  com.blazedemo.tests.BaseClass - Browser is closing
[2026-02-26 00:04:51] [main] INFO  com.blazedemo.tests.BaseClass - Browser is launching
[2026-02-26 00:04:53] [main] INFO  com.blazedemo.tests.BaseClass - TestCase 1 started
[2026-02-26 00:04:53] [main] INFO  com.blazedemo.tests.BaseClass - TC01 Pass: home page is loaded and drop-down is visible.
[2026-02-26 00:04:53] [main] INFO  com.blazedemo.tests.BaseClass - Browser is closing
[2026-02-26 00:04:55] [main] INFO  com.blazedemo.tests.BaseClass - Browser is launching
[2026-02-26 00:04:57] [main] INFO  com.blazedemo.tests.BaseClass - TestCase 2 started
[2026-02-26 00:04:58] [main] INFO  com.blazedemo.tests.BaseClass - TC02 Pass:: ReservePage is visible
[2026-02-26 00:04:58] [main] INFO  com.blazedemo.tests.BaseClass - Browser is closing
[2026-02-26 00:04:59] [main] INFO  com.blazedemo.tests.BaseClass - Browser is launching
[2026-02-26 00:05:03] [main] INFO  com.blazedemo.tests.BaseClass - TestCase 3 started
[2026-02-26 00:05:07] [main] INFO  com.blazedemo.tests.BaseClass - TC03 Pass: Booking is confirmed for Pooja
[2026-02-26 00:05:07] [main] INFO  com.blazedemo.tests.BaseClass - Browser is closing
[2026-02-26 00:05:08] [main] INFO  com.blazedemo.tests.BaseClass - Browser is launching
[2026-02-26 00:05:11] [main] INFO  com.blazedemo.tests.BaseClass - TestCase 4 started
[2026-02-26 00:05:16] [main] INFO  com.blazedemo.tests.BaseClass - TC04 Pass: Booking is confirmed for PoojaT
[2026-02-26 00:05:16] [main] INFO  com.blazedemo.tests.BaseClass - Browser is closing
[2026-02-26 00:05:17] [main] INFO  com.blazedemo.tests.BaseClass - Browser is launching
[2026-02-26 00:05:19] [main] INFO  com.blazedemo.tests.BaseClass - TestCase 4 started
[2026-02-26 00:05:23] [main] INFO  com.blazedemo.tests.BaseClass - TC04 Pass: Booking is confirmed for Neeraj
[2026-02-26 00:05:23] [main] INFO  com.blazedemo.tests.BaseClass - Browser is closing
[2026-02-26 00:05:24] [main] INFO  com.blazedemo.tests.BaseClass - Browser is launching
[2026-02-26 00:05:25] [main] INFO  com.blazedemo.tests.BaseClass - TestCase 4 started
[2026-02-26 00:05:29] [main] INFO  com.blazedemo.tests.BaseClass - TC04 Pass: Booking is confirmed for Supriya
[2026-02-26 00:05:29] [main] INFO  com.blazedemo.tests.BaseClass - Browser is closing
[2026-02-26 00:05:30] [main] INFO  com.blazedemo.tests.BaseClass - Browser is launching
[2026-02-26 00:05:33] [main] INFO  com.blazedemo.tests.BaseClass - TestCase 5 started
[2026-02-26 00:05:38] [main] INFO  com.blazedemo.tests.BaseClass - Browser is closing
[2026-02-26 00:05:39] [main] INFO  com.blazedemo.tests.BaseClass - Browser is launching
[2026-02-26 00:05:43] [main] INFO  com.blazedemo.tests.BaseClass - TestCase 6 started
[2026-02-26 00:05:48] [main] INFO  com.blazedemo.tests.BaseClass - Browser is closing
[2026-02-26 00:05:49] [main] INFO  com.blazedemo.tests.BaseClass - Browser is launching
[2026-02-26 00:05:51] [main] INFO  com.blazedemo.tests.BaseClass - TestCase 7 started
[2026-02-26 00:06:11] [main] INFO  com.blazedemo.tests.BaseClass - Browser is closing
